<?xml version="1.0" encoding="UTF-8"?>
<testsuite name="Тест заказа пиццы, регистрация пользователя, проверки введенной информации + тест 2-х фич" tests="4" skipped="0" failures="1" errors="0" timestamp="2024-02-23T08:55:29" hostname="PC-ZAUSTINSKY" time="80.04">
  <properties/>
  <testcase name="Фича проверки работоспособности скидки на сайте" classname="FinalWork_Tests" time="16.883"/>
  <testcase name="Фича проверки ввода данных скидочного купона несколько раз" classname="FinalWork_Tests" time="26.722">
    <failure message="Element should not have text &quot;45,00₽&quot; {.cart-discount.coupon-givemehalyava .woocommerce-Price-amount.amount}&#13;&#10;Element: '&lt;span class=&quot;woocommerce-Price-amount amount&quot;&gt;45,00₽&lt;/span&gt;'&#13;&#10;Actual value: text=&quot;45,00₽&quot;&#13;&#10;Screenshot: file:/D:/projects/Java/Selenide_finalWork/build/reports/tests/1708678572691.0.png&#13;&#10;Page source: file:/D:/projects/Java/Selenide_finalWork/build/reports/tests/1708678572691.0.html&#13;&#10;Timeout: 4 s." type="com.codeborne.selenide.ex.ElementShouldNot">Element should not have text &quot;45,00₽&quot; {.cart-discount.coupon-givemehalyava .woocommerce-Price-amount.amount}
Element: '&lt;span class=&quot;woocommerce-Price-amount amount&quot;&gt;45,00₽&lt;/span&gt;'
Actual value: text=&quot;45,00₽&quot;
Screenshot: file:/D:/projects/Java/Selenide_finalWork/build/reports/tests/1708678572691.0.png
Page source: file:/D:/projects/Java/Selenide_finalWork/build/reports/tests/1708678572691.0.html
Timeout: 4 s.
	at com.codeborne.selenide.impl.WebElementSource.handleError(WebElementSource.java:146)
	at com.codeborne.selenide.impl.WebElementSource.checkConditionAndReturnElement(WebElementSource.java:127)
	at com.codeborne.selenide.impl.WebElementSource.checkCondition(WebElementSource.java:104)
	at com.codeborne.selenide.commands.ShouldNot.execute(ShouldNot.java:30)
	at com.codeborne.selenide.commands.ShouldNot.execute(ShouldNot.java:14)
	at com.codeborne.selenide.commands.Commands.execute(Commands.java:163)
	at com.codeborne.selenide.impl.SelenideElementProxy.dispatchAndRetry(SelenideElementProxy.java:132)
	at com.codeborne.selenide.impl.SelenideElementProxy.invoke(SelenideElementProxy.java:84)
	at jdk.proxy3/jdk.proxy3.$Proxy27.shouldNotHave(Unknown Source)
	at skillbox.finalWork.BasketPage.verifySaleCouponTwice(BasketPage.java:35)
	at FinalWork_Tests.useSaleCouponMoreThanOnce(FinalWork_Tests.java:207)
	at java.base/java.lang.reflect.Method.invoke(Method.java:567)
	at java.base/java.util.ArrayList.forEach(ArrayList.java:1511)
	at java.base/java.util.ArrayList.forEach(ArrayList.java:1511)
</failure>
  </testcase>
  <testcase name="Фича проверки ввода некорректных данных по скидке" classname="FinalWork_Tests" time="9.724"/>
  <testcase name="Добавление заказа в корзину, с последующей регистрацией пользователя" classname="FinalWork_Tests" time="26.507"/>
  <system-out><![CDATA[]]></system-out>
  <system-err><![CDATA[[Test worker] INFO com.codeborne.selenide.impl.WebDriverThreadLocalContainer - No webdriver is bound to current thread: 15 - let's create a new webdriver
[Test worker] INFO com.codeborne.selenide.webdriver.BrowserResizer - Set browser size to 1366x768
[Test worker] INFO com.codeborne.selenide.webdriver.WebDriverFactory - BrowserName=firefox Version=93.0 Platform=linux
[Test worker] INFO com.codeborne.selenide.webdriver.WebDriverFactory - Selenide v. 6.17.2
[Test worker] INFO com.codeborne.selenide.webdriver.WebDriverFactory - Selenium WebDriver v. 4.11.0 build revision: 040bc5406b
[Test worker] INFO com.codeborne.selenide.drivercommands.CreateDriverCommand - Created webdriver in thread 15: RemoteWebDriver -> RemoteWebDriver: firefox on linux (4b6d0995-ac77-4740-9e5e-c3a54db1048f)
[Test worker] INFO com.codeborne.selenide.drivercommands.DisposablesRegistry - Register WebDriverInstance[config=StaticConfig,webDriver=RemoteWebDriver: firefox on linux (4b6d0995-ac77-4740-9e5e-c3a54db1048f),proxy=null,downloadsFolder=null] in 15 [size=1]
[Test worker] INFO com.codeborne.selenide.drivercommands.DisposablesRegistry - Add shutdown hook in 15 [size=1]
[Test worker] INFO com.codeborne.selenide.drivercommands.CloseDriverCommand - Close webdriver: 15 -> RemoteWebDriver: firefox on linux (4b6d0995-ac77-4740-9e5e-c3a54db1048f)...
[Test worker] INFO com.codeborne.selenide.drivercommands.CloseDriverCommand - Closed webdriver 15 in 847 ms
[Test worker] INFO com.codeborne.selenide.drivercommands.DisposablesRegistry - Unregister WebDriverInstance[config=StaticConfig,webDriver=RemoteWebDriver: firefox on linux (null),proxy=null,downloadsFolder=null] in 15 [size=0]
[Test worker] INFO com.codeborne.selenide.impl.WebDriverThreadLocalContainer - No webdriver is bound to current thread: 15 - let's create a new webdriver
[Test worker] INFO com.codeborne.selenide.webdriver.BrowserResizer - Set browser size to 1366x768
[Test worker] INFO com.codeborne.selenide.webdriver.WebDriverFactory - BrowserName=firefox Version=93.0 Platform=linux
[Test worker] INFO com.codeborne.selenide.webdriver.WebDriverFactory - Selenide v. 6.17.2
[Test worker] INFO com.codeborne.selenide.webdriver.WebDriverFactory - Selenium WebDriver v. 4.11.0 build revision: 040bc5406b
[Test worker] INFO com.codeborne.selenide.drivercommands.CreateDriverCommand - Created webdriver in thread 15: RemoteWebDriver -> RemoteWebDriver: firefox on linux (9eead4f4-e078-4119-af76-d9615bd7ced2)
[Test worker] INFO com.codeborne.selenide.drivercommands.DisposablesRegistry - Register WebDriverInstance[config=StaticConfig,webDriver=RemoteWebDriver: firefox on linux (9eead4f4-e078-4119-af76-d9615bd7ced2),proxy=null,downloadsFolder=null] in 15 [size=1]
[Test worker] INFO com.codeborne.selenide.drivercommands.CloseDriverCommand - Close webdriver: 15 -> RemoteWebDriver: firefox on linux (9eead4f4-e078-4119-af76-d9615bd7ced2)...
[Test worker] INFO com.codeborne.selenide.drivercommands.CloseDriverCommand - Closed webdriver 15 in 818 ms
[Test worker] INFO com.codeborne.selenide.drivercommands.DisposablesRegistry - Unregister WebDriverInstance[config=StaticConfig,webDriver=RemoteWebDriver: firefox on linux (null),proxy=null,downloadsFolder=null] in 15 [size=0]
[Test worker] INFO com.codeborne.selenide.impl.WebDriverThreadLocalContainer - No webdriver is bound to current thread: 15 - let's create a new webdriver
[Test worker] INFO com.codeborne.selenide.webdriver.BrowserResizer - Set browser size to 1366x768
[Test worker] INFO com.codeborne.selenide.webdriver.WebDriverFactory - BrowserName=firefox Version=93.0 Platform=linux
[Test worker] INFO com.codeborne.selenide.webdriver.WebDriverFactory - Selenide v. 6.17.2
[Test worker] INFO com.codeborne.selenide.webdriver.WebDriverFactory - Selenium WebDriver v. 4.11.0 build revision: 040bc5406b
[Test worker] INFO com.codeborne.selenide.drivercommands.CreateDriverCommand - Created webdriver in thread 15: RemoteWebDriver -> RemoteWebDriver: firefox on linux (55b1f73e-6f70-4a7e-b0b2-8707c2a1b0a5)
[Test worker] INFO com.codeborne.selenide.drivercommands.DisposablesRegistry - Register WebDriverInstance[config=StaticConfig,webDriver=RemoteWebDriver: firefox on linux (55b1f73e-6f70-4a7e-b0b2-8707c2a1b0a5),proxy=null,downloadsFolder=null] in 15 [size=1]
[Test worker] INFO com.codeborne.selenide.drivercommands.CloseDriverCommand - Close webdriver: 15 -> RemoteWebDriver: firefox on linux (55b1f73e-6f70-4a7e-b0b2-8707c2a1b0a5)...
[Test worker] INFO com.codeborne.selenide.drivercommands.CloseDriverCommand - Closed webdriver 15 in 826 ms
[Test worker] INFO com.codeborne.selenide.drivercommands.DisposablesRegistry - Unregister WebDriverInstance[config=StaticConfig,webDriver=RemoteWebDriver: firefox on linux (null),proxy=null,downloadsFolder=null] in 15 [size=0]
]]></system-err>
</testsuite>
